# JRE version: OpenJDK Runtime Environment (8.0_242-b01) (build 1.8.0_242-release-1644-b01)
# Java VM: OpenJDK 64-Bit Server VM (25.242-b01 mixed mode windows-amd64 compressed oops)
Heap:
 PSYoungGen      total 403456K, used 272011K [0x00000000e0000000, 0x0000000100000000, 0x0000000100000000)
  eden space 310272K, 57% used [0x00000000e0000000,0x00000000eaea3338,0x00000000f2f00000)
  from space 93184K, 99% used [0x00000000fa500000,0x00000000fffffa58,0x0000000100000000)
  to   space 107008K, 0% used [0x00000000f2f00000,0x00000000f2f00000,0x00000000f9780000)
 ParOldGen       total 240128K, used 200732K [0x00000000a0000000, 0x00000000aea80000, 0x00000000e0000000)
  object space 240128K, 83% used [0x00000000a0000000,0x00000000ac4073e0,0x00000000aea80000)
 Metaspace       used 125224K, capacity 135544K, committed 135848K, reserved 1167360K
  class space    used 16232K, capacity 18574K, committed 18600K, reserved 1048576K
GC Heap History (10 events):
Event: 1632.891 GC heap before
{Heap before GC invocations=36 (full 4):
 PSYoungGen      total 448512K, used 376472K [0x00000000e0000000, 0x0000000100000000, 0x0000000100000000)
  eden space 374784K, 99% used [0x00000000e0000000,0x00000000f6d55548,0x00000000f6e00000)
  from space 73728K, 3% used [0x00000000f6e00000,0x00000000f7050e60,0x00000000fb600000)
  to   space 75776K, 0% used [0x00000000fb600000,0x00000000fb600000,0x0000000100000000)
 ParOldGen       total 240128K, used 166475K [0x00000000a0000000, 0x00000000aea80000, 0x00000000e0000000)
  object space 240128K, 69% used [0x00000000a0000000,0x00000000aa292ca0,0x00000000aea80000)
 Metaspace       used 107081K, capacity 114430K, committed 114472K, reserved 1148928K
  class space    used 13765K, capacity 15392K, committed 15400K, reserved 1048576K
Event: 1632.971 GC heap after
Heap after GC invocations=36 (full 4):
 PSYoungGen      total 440320K, used 55017K [0x00000000e0000000, 0x0000000100000000, 0x0000000100000000)
  eden space 364544K, 0% used [0x00000000e0000000,0x00000000e0000000,0x00000000f6400000)
  from space 75776K, 72% used [0x00000000fb600000,0x00000000febba7d0,0x0000000100000000)
  to   space 79872K, 0% used [0x00000000f6400000,0x00000000f6400000,0x00000000fb200000)
 ParOldGen       total 240128K, used 166483K [0x00000000a0000000, 0x00000000aea80000, 0x00000000e0000000)
  object space 240128K, 69% used [0x00000000a0000000,0x00000000aa294ca0,0x00000000aea80000)
 Metaspace       used 107081K, capacity 114430K, committed 114472K, reserved 1148928K
  class space    used 13765K, capacity 15392K, committed 15400K, reserved 1048576K
}
Event: 3060.459 GC heap before
{Heap before GC invocations=37 (full 4):
 PSYoungGen      total 440320K, used 419561K [0x00000000e0000000, 0x0000000100000000, 0x0000000100000000)
  eden space 364544K, 100% used [0x00000000e0000000,0x00000000f6400000,0x00000000f6400000)
  from space 75776K, 72% used [0x00000000fb600000,0x00000000febba7d0,0x0000000100000000)
  to   space 79872K, 0% used [0x00000000f6400000,0x00000000f6400000,0x00000000fb200000)
 ParOldGen       total 240128K, used 166483K [0x00000000a0000000, 0x00000000aea80000, 0x00000000e0000000)
  object space 240128K, 69% used [0x00000000a0000000,0x00000000aa294ca0,0x00000000aea80000)
 Metaspace       used 119313K, capacity 127858K, committed 127912K, reserved 1159168K
  class space    used 15408K, capacity 17299K, committed 17320K, reserved 1048576K
Event: 3060.504 GC heap after
Heap after GC invocations=37 (full 4):
 PSYoungGen      total 444416K, used 29105K [0x00000000e0000000, 0x00000000ffd00000, 0x0000000100000000)
  eden space 364544K, 0% used [0x00000000e0000000,0x00000000e0000000,0x00000000f6400000)
  from space 79872K, 36% used [0x00000000f6400000,0x00000000f806c720,0x00000000fb200000)
  to   space 76288K, 0% used [0x00000000fb280000,0x00000000fb280000,0x00000000ffd00000)
 ParOldGen       total 240128K, used 166491K [0x00000000a0000000, 0x00000000aea80000, 0x00000000e0000000)
  object space 240128K, 69% used [0x00000000a0000000,0x00000000aa296ca0,0x00000000aea80000)
 Metaspace       used 119313K, capacity 127858K, committed 127912K, reserved 1159168K
  class space    used 15408K, capacity 17299K, committed 17320K, reserved 1048576K
}
Event: 3063.251 GC heap before
{Heap before GC invocations=38 (full 4):
 PSYoungGen      total 444416K, used 393649K [0x00000000e0000000, 0x00000000ffd00000, 0x0000000100000000)
  eden space 364544K, 100% used [0x00000000e0000000,0x00000000f6400000,0x00000000f6400000)
  from space 79872K, 36% used [0x00000000f6400000,0x00000000f806c720,0x00000000fb200000)
  to   space 76288K, 0% used [0x00000000fb280000,0x00000000fb280000,0x00000000ffd00000)
 ParOldGen       total 240128K, used 166491K [0x00000000a0000000, 0x00000000aea80000, 0x00000000e0000000)
  object space 240128K, 69% used [0x00000000a0000000,0x00000000aa296ca0,0x00000000aea80000)
 Metaspace       used 124955K, capacity 135238K, committed 135336K, reserved 1165312K
  class space    used 16221K, capacity 18565K, committed 18600K, reserved 1048576K
Event: 3063.310 GC heap after
Heap after GC invocations=38 (full 4):
 PSYoungGen      total 431616K, used 67585K [0x00000000e0000000, 0x0000000100000000, 0x0000000100000000)
  eden space 355328K, 0% used [0x00000000e0000000,0x00000000e0000000,0x00000000f5b00000)
  from space 76288K, 88% used [0x00000000fb280000,0x00000000ff480518,0x00000000ffd00000)
  to   space 84480K, 0% used [0x00000000f5b00000,0x00000000f5b00000,0x00000000fad80000)
 ParOldGen       total 240128K, used 166499K [0x00000000a0000000, 0x00000000aea80000, 0x00000000e0000000)
  object space 240128K, 69% used [0x00000000a0000000,0x00000000aa298ca0,0x00000000aea80000)
 Metaspace       used 124955K, capacity 135238K, committed 135336K, reserved 1165312K
  class space    used 16221K, capacity 18565K, committed 18600K, reserved 1048576K
}
Event: 3064.216 GC heap before
{Heap before GC invocations=39 (full 4):
 PSYoungGen      total 431616K, used 422913K [0x00000000e0000000, 0x0000000100000000, 0x0000000100000000)
  eden space 355328K, 100% used [0x00000000e0000000,0x00000000f5b00000,0x00000000f5b00000)
  from space 76288K, 88% used [0x00000000fb280000,0x00000000ff480518,0x00000000ffd00000)
  to   space 84480K, 0% used [0x00000000f5b00000,0x00000000f5b00000,0x00000000fad80000)
 ParOldGen       total 240128K, used 167345K [0x00000000a0000000, 0x00000000aea80000, 0x00000000e0000000)
  object space 240128K, 69% used [0x00000000a0000000,0x00000000aa36c6e8,0x00000000aea80000)
 Metaspace       used 125158K, capacity 135474K, committed 135592K, reserved 1167360K
  class space    used 16230K, capacity 18573K, committed 18600K, reserved 1048576K
Event: 3064.379 GC heap after
Heap after GC invocations=39 (full 4):
 PSYoungGen      total 429056K, used 73394K [0x00000000e0000000, 0x0000000100000000, 0x0000000100000000)
  eden space 355328K, 0% used [0x00000000e0000000,0x00000000e0000000,0x00000000f5b00000)
  from space 73728K, 99% used [0x00000000f5b00000,0x00000000fa2acb40,0x00000000fa300000)
  to   space 93184K, 0% used [0x00000000fa500000,0x00000000fa500000,0x0000000100000000)
 ParOldGen       total 240128K, used 167353K [0x00000000a0000000, 0x00000000aea80000, 0x00000000e0000000)
  object space 240128K, 69% used [0x00000000a0000000,0x00000000aa36e6e8,0x00000000aea80000)
 Metaspace       used 125158K, capacity 135474K, committed 135592K, reserved 1167360K
  class space    used 16230K, capacity 18573K, committed 18600K, reserved 1048576K
}
Event: 3064.880 GC heap before
{Heap before GC invocations=40 (full 4):
 PSYoungGen      total 429056K, used 428722K [0x00000000e0000000, 0x0000000100000000, 0x0000000100000000)
  eden space 355328K, 100% used [0x00000000e0000000,0x00000000f5b00000,0x00000000f5b00000)
  from space 73728K, 99% used [0x00000000f5b00000,0x00000000fa2acb40,0x00000000fa300000)
  to   space 93184K, 0% used [0x00000000fa500000,0x00000000fa500000,0x0000000100000000)
 ParOldGen       total 240128K, used 167357K [0x00000000a0000000, 0x00000000aea80000, 0x00000000e0000000)
  object space 240128K, 69% used [0x00000000a0000000,0x00000000aa36f528,0x00000000aea80000)
 Metaspace       used 125197K, capacity 135538K, committed 135848K, reserved 1167360K
  class space    used 16231K, capacity 18573K, committed 18600K, reserved 1048576K
Event: 3065.002 GC heap after
Heap after GC invocations=40 (full 4):
 PSYoungGen      total 403456K, used 93182K [0x00000000e0000000, 0x0000000100000000, 0x0000000100000000)
  eden space 310272K, 0% used [0x00000000e0000000,0x00000000e0000000,0x00000000f2f00000)
  from space 93184K, 99% used [0x00000000fa500000,0x00000000fffffa58,0x0000000100000000)
  to   space 107008K, 0% used [0x00000000f2f00000,0x00000000f2f00000,0x00000000f9780000)
 ParOldGen       total 240128K, used 200732K [0x00000000a0000000, 0x00000000aea80000, 0x00000000e0000000)
  object space 240128K, 83% used [0x00000000a0000000,0x00000000ac4073e0,0x00000000aea80000)
 Metaspace       used 125197K, capacity 135538K, committed 135848K, reserved 1167360K
  class space    used 16231K, capacity 18573K, committed 18600K, reserved 1048576K
}

